<?xml version="1.0" encoding="UTF-8"?>
<!-- Generated by org.testng.reporters.JUnitXMLReporter -->
<testsuite ignored="0" hostname="DESKTOP-A5VV87D" failures="1" tests="9" name="Test" time="284.971" errors="0" timestamp="2022-12-04T16:37:17 IST">
  <testcase classname="TestFile.LoginPageTest" name="verify_url" time="0.93"/>
  <testcase classname="TestFile.LoginPageTest" name="verify_required_field_alert_is_displayed_for_empty_username_field" time="7.025"/>
  <testcase classname="TestFile.LoginPageTest" name="verify_required_field_alert_is_displayed_for_empty_password_field" time="1.711"/>
  <testcase classname="TestFile.LoginPageTest" name="verfiy_required_field_alert_is_displayed_for_empty_username_and_password_field" time="6.021"/>
  <testcase classname="TestFile.LoginPageTest" name="verify_required_field_alert_is_not_displayed_after_refresh" time="3.403"/>
  <testcase classname="TestFile.LoginPageTest" name="verify_user_should_not_able_to_login_with_invalid_credentials" time="4.258"/>
  <testcase classname="TestFile.LoginPageTest" name="verify_invalid_credentials_alert_is_not_displayed_after_page_refresh" time="14.228">
    <failure type="org.openqa.selenium.NoSuchElementException" message="no such element: Unable to locate element: {&amp;quot;method&amp;quot;:&amp;quot;css selector&amp;quot;,&amp;quot;selector&amp;quot;:&amp;quot;div.orangehrm-login-form &amp;gt; div.orangehrm-login-error &amp;gt; div.oxd-alert--error &amp;gt; div &amp;gt; p&amp;quot;}
  (Session info: chrome=107.0.5304.122)
For documentation on this error, please visit: https://selenium.dev/exceptions/#no_such_element
Build info: version: &amp;apos;4.6.0&amp;apos;, revision: &amp;apos;79f1c02ae20&amp;apos;
System info: os.name: &amp;apos;Windows 10&amp;apos;, os.arch: &amp;apos;amd64&amp;apos;, os.version: &amp;apos;10.0&amp;apos;, java.version: &amp;apos;17.0.5&amp;apos;
Driver info: org.openqa.selenium.chrome.ChromeDriver
Command: [2b493910e30c525422d3d62d4b785b33, findElement {using=css selector, value=div.orangehrm-login-form &amp;gt; div.orangehrm-login-error &amp;gt; div.oxd-alert--error &amp;gt; div &amp;gt; p}]
Capabilities {acceptInsecureCerts: false, browserName: chrome, browserVersion: 107.0.5304.122, chrome: {chromedriverVersion: 107.0.5304.62 (1eec40d3a576..., userDataDir: C:\Users\91882\AppData\Loca...}, goog:chromeOptions: {debuggerAddress: localhost:52115}, networkConnectionEnabled: false, pageLoadStrategy: normal, platformName: WINDOWS, proxy: Proxy(), se:cdp: ws://localhost:52115/devtoo..., se:cdpVersion: 107.0.5304.122, setWindowRect: true, strictFileInteractability: false, timeouts: {implicit: 0, pageLoad: 300000, script: 30000}, unhandledPromptBehavior: dismiss and notify, webauthn:extension:credBlob: true, webauthn:extension:largeBlob: true, webauthn:virtualAuthenticators: true}
Session ID: 2b493910e30c525422d3d62d4b785b33">
      <![CDATA[org.openqa.selenium.NoSuchElementException: no such element: Unable to locate element: {"method":"css selector","selector":"div.orangehrm-login-form > div.orangehrm-login-error > div.oxd-alert--error > div > p"}
  (Session info: chrome=107.0.5304.122)
For documentation on this error, please visit: https://selenium.dev/exceptions/#no_such_element
Build info: version: '4.6.0', revision: '79f1c02ae20'
System info: os.name: 'Windows 10', os.arch: 'amd64', os.version: '10.0', java.version: '17.0.5'
Driver info: org.openqa.selenium.chrome.ChromeDriver
Command: [2b493910e30c525422d3d62d4b785b33, findElement {using=css selector, value=div.orangehrm-login-form > div.orangehrm-login-error > div.oxd-alert--error > div > p}]
Capabilities {acceptInsecureCerts: false, browserName: chrome, browserVersion: 107.0.5304.122, chrome: {chromedriverVersion: 107.0.5304.62 (1eec40d3a576..., userDataDir: C:\Users\91882\AppData\Loca...}, goog:chromeOptions: {debuggerAddress: localhost:52115}, networkConnectionEnabled: false, pageLoadStrategy: normal, platformName: WINDOWS, proxy: Proxy(), se:cdp: ws://localhost:52115/devtoo..., se:cdpVersion: 107.0.5304.122, setWindowRect: true, strictFileInteractability: false, timeouts: {implicit: 0, pageLoad: 300000, script: 30000}, unhandledPromptBehavior: dismiss and notify, webauthn:extension:credBlob: true, webauthn:extension:largeBlob: true, webauthn:virtualAuthenticators: true}
Session ID: 2b493910e30c525422d3d62d4b785b33
at org.openqa.selenium.remote.codec.w3c.W3CHttpResponseCodec.createException(W3CHttpResponseCodec.java:200)
at org.openqa.selenium.remote.codec.w3c.W3CHttpResponseCodec.decode(W3CHttpResponseCodec.java:133)
at org.openqa.selenium.remote.codec.w3c.W3CHttpResponseCodec.decode(W3CHttpResponseCodec.java:53)
at org.openqa.selenium.remote.HttpCommandExecutor.execute(HttpCommandExecutor.java:184)
at org.openqa.selenium.remote.service.DriverCommandExecutor.invokeExecute(DriverCommandExecutor.java:167)
at org.openqa.selenium.remote.service.DriverCommandExecutor.execute(DriverCommandExecutor.java:142)
at org.openqa.selenium.remote.RemoteWebDriver.execute(RemoteWebDriver.java:541)
at org.openqa.selenium.remote.ElementLocation$ElementFinder$2.findElement(ElementLocation.java:162)
at org.openqa.selenium.remote.ElementLocation.findElement(ElementLocation.java:60)
at org.openqa.selenium.remote.RemoteWebDriver.findElement(RemoteWebDriver.java:365)
at org.openqa.selenium.remote.RemoteWebDriver.findElement(RemoteWebDriver.java:357)
at page_object.LoginPageObject.get_alert_field(LoginPageObject.java:42)
at TestFile.LoginPageTest.verify_invalid_credentials_alert_is_not_displayed_after_page_refresh(LoginPageTest.java:155)
at java.base/java.util.ArrayList.forEach(ArrayList.java:1511)
... Removed 32 stack frames]]>
    </failure>
  </testcase> <!-- verify_invalid_credentials_alert_is_not_displayed_after_page_refresh -->
  <testcase classname="TestFile.LoginPageTest" name="verify_user_redirects_to_reset_password_page_after_click_on_forgot_password" time="2.1"/>
  <testcase classname="TestFile.LoginPageTest" name="verify_user_redirects_to_dashboard_after_login_with_valid_credentials" time="6.239"/>
</testsuite> <!-- Test -->
